<?xml version="1.0" encoding="UTF-8"?>
<robot generator="Robot 3.1.2 (Python 3.8.2 on linux)" generated="20201028 12:30:12.364" rpa="false">
<suite id="s1" name="Tests" source="/tests">
<suite id="s1-s1" name="TestCases" source="/tests/TestCases">
<suite id="s1-s1-s1" name="SmokeTests" source="/tests/TestCases/SmokeTests.robot">
<kw name="setup browser" library="test_setup_and_teardownd_keywords" type="setup">
<kw name="Open Browser" library="SeleniumLibrary">
<doc>Opens a new browser instance to the optional ``url``.</doc>
<arguments>
<arg>${SUT_URL}</arg>
<arg>browser=${BROWSER}</arg>
<arg>remote_url=${SELENIUM_HUB}</arg>
</arguments>
<msg timestamp="20201028 12:30:12.854" level="INFO">Opening browser 'chrome' to base url 'https://www.google.com/' through remote server at 'http://hub:4444/wd/hub'.</msg>
<status status="PASS" starttime="20201028 12:30:12.853" endtime="20201028 12:30:16.339"></status>
</kw>
<kw name="Set Window Size" library="SeleniumLibrary">
<doc>Sets current windows size to given ``width`` and ``height``.</doc>
<arguments>
<arg>1920</arg>
<arg>1080</arg>
</arguments>
<status status="PASS" starttime="20201028 12:30:16.340" endtime="20201028 12:30:16.494"></status>
</kw>
<kw name="Register Keyword To Run On Failure" library="SeleniumLibrary">
<doc>Sets the keyword to execute, when a SeleniumLibrary keyword fails.</doc>
<arguments>
<arg>Capture Page Screenshot</arg>
</arguments>
<msg timestamp="20201028 12:30:16.495" level="INFO">Capture Page Screenshot will be run on failure.</msg>
<status status="PASS" starttime="20201028 12:30:16.494" endtime="20201028 12:30:16.495"></status>
</kw>
<status status="PASS" starttime="20201028 12:30:12.852" endtime="20201028 12:30:16.496"></status>
</kw>
<test id="s1-s1-s1-t1" name="Dummy Test">
<kw name="Location Should Be" library="SeleniumLibrary">
<doc>Verifies that the current URL is exactly ``url``.</doc>
<arguments>
<arg>${SUT_URL}</arg>
</arguments>
<msg timestamp="20201028 12:30:16.533" level="INFO">Current location is 'https://www.google.com/'.</msg>
<status status="PASS" starttime="20201028 12:30:16.498" endtime="20201028 12:30:16.534"></status>
</kw>
<tags>
<tag>smoke</tag>
</tags>
<status status="PASS" starttime="20201028 12:30:16.496" endtime="20201028 12:30:16.535" critical="yes"></status>
</test>
<kw name="test teardown" library="test_setup_and_teardownd_keywords" type="teardown">
<kw name="Delete All Cookies" library="SeleniumLibrary">
<doc>Deletes all cookies.</doc>
<status status="PASS" starttime="20201028 12:30:16.542" endtime="20201028 12:30:16.610"></status>
</kw>
<kw name="Close All Browsers" library="SeleniumLibrary">
<doc>Closes all open browsers and resets the browser cache.</doc>
<status status="PASS" starttime="20201028 12:30:16.610" endtime="20201028 12:30:16.680"></status>
</kw>
<status status="PASS" starttime="20201028 12:30:16.539" endtime="20201028 12:30:16.680"></status>
</kw>
<status status="PASS" starttime="20201028 12:30:12.433" endtime="20201028 12:30:16.680"></status>
</suite>
<status status="PASS" starttime="20201028 12:30:12.425" endtime="20201028 12:30:16.710"></status>
</suite>
<status status="PASS" starttime="20201028 12:30:12.370" endtime="20201028 12:30:16.712"></status>
</suite>
<statistics>
<total>
<stat pass="1" fail="0">Critical Tests</stat>
<stat pass="1" fail="0">All Tests</stat>
</total>
<tag>
<stat pass="1" fail="0">smoke</stat>
</tag>
<suite>
<stat pass="1" fail="0" id="s1" name="Tests">Tests</stat>
<stat pass="1" fail="0" id="s1-s1" name="TestCases">Tests.TestCases</stat>
<stat pass="1" fail="0" id="s1-s1-s1" name="SmokeTests">Tests.TestCases.SmokeTests</stat>
</suite>
</statistics>
<errors>
</errors>
</robot>
